Using pre-set license
Built from '2022.3/staging' branch; Version is '2022.3.15f1 (b58023a2b463) revision 11894819'; Using compiler version '192829333'; Build Type 'Release'
OS: 'Windows 11  (10.0.22631) 64bit Professional' Language: 'ja' Physical Memory: 32599 MB
BatchMode: 1, IsHumanControllingUs: 0, StartBugReporterOnCrash: 0, Is64bit: 1, IsPro: 1

COMMAND LINE ARGUMENTS:
C:\Program Files\Unity\Hub\Editor\2022.3.15f1\Editor\Unity.exe
-adb2
-batchMode
-noUpm
-name
AssetImportWorker5
-projectPath
C:/Users/Daiki/Documents/Unity/ChristmasNightFever
-logFile
Logs/AssetImportWorker5.log
-srvPort
3930
Successfully changed project path to: C:/Users/Daiki/Documents/Unity/ChristmasNightFever
C:/Users/Daiki/Documents/Unity/ChristmasNightFever
[UnityMemory] Configuration Parameters - Can be set up in boot.config
    "memorysetup-bucket-allocator-granularity=16"
    "memorysetup-bucket-allocator-bucket-count=8"
    "memorysetup-bucket-allocator-block-size=33554432"
    "memorysetup-bucket-allocator-block-count=8"
    "memorysetup-main-allocator-block-size=16777216"
    "memorysetup-thread-allocator-block-size=16777216"
    "memorysetup-gfx-main-allocator-block-size=16777216"
    "memorysetup-gfx-thread-allocator-block-size=16777216"
    "memorysetup-cache-allocator-block-size=4194304"
    "memorysetup-typetree-allocator-block-size=2097152"
    "memorysetup-profiler-bucket-allocator-granularity=16"
    "memorysetup-profiler-bucket-allocator-bucket-count=8"
    "memorysetup-profiler-bucket-allocator-block-size=33554432"
    "memorysetup-profiler-bucket-allocator-block-count=8"
    "memorysetup-profiler-allocator-block-size=16777216"
    "memorysetup-profiler-editor-allocator-block-size=1048576"
    "memorysetup-temp-allocator-size-main=16777216"
    "memorysetup-job-temp-allocator-block-size=2097152"
    "memorysetup-job-temp-allocator-block-size-background=1048576"
    "memorysetup-job-temp-allocator-reduction-small-platforms=262144"
    "memorysetup-allocator-temp-initial-block-size-main=262144"
    "memorysetup-allocator-temp-initial-block-size-worker=262144"
    "memorysetup-temp-allocator-size-background-worker=32768"
    "memorysetup-temp-allocator-size-job-worker=262144"
    "memorysetup-temp-allocator-size-preload-manager=33554432"
    "memorysetup-temp-allocator-size-nav-mesh-worker=65536"
    "memorysetup-temp-allocator-size-audio-worker=65536"
    "memorysetup-temp-allocator-size-cloud-worker=32768"
    "memorysetup-temp-allocator-size-gi-baking-worker=262144"
    "memorysetup-temp-allocator-size-gfx=262144"
Player connection [39188] Host "[IP] 172.20.112.1 [Port] 0 [Flags] 2 [Guid] 2523811691 [EditorId] 2523811691 [Version] 1048832 [Id] WindowsEditor(7,Main-Desktop) [Debug] 1 [PackageName] WindowsEditor [ProjectName] Editor" joined multi-casting on [225.0.0.222:54997]...

Player connection [39188] Host "[IP] 172.20.112.1 [Port] 0 [Flags] 2 [Guid] 2523811691 [EditorId] 2523811691 [Version] 1048832 [Id] WindowsEditor(7,Main-Desktop) [Debug] 1 [PackageName] WindowsEditor [ProjectName] Editor" joined alternative multi-casting on [225.0.0.222:34997]...

[Physics::Module] Initialized MultithreadedJobDispatcher with 23 workers.
Refreshing native plugins compatible for Editor in 2382.46 ms, found 3 plugins.
Preloading 0 native plugins for Editor in 0.00 ms.
Initialize engine version: 2022.3.15f1 (b58023a2b463)
[Subsystems] Discovering subsystems at path C:/Program Files/Unity/Hub/Editor/2022.3.15f1/Editor/Data/Resources/UnitySubsystems
[Subsystems] Discovering subsystems at path C:/Users/Daiki/Documents/Unity/ChristmasNightFever/Assets
GfxDevice: creating device client; threaded=0; jobified=0
Direct3D:
    Version:  Direct3D 11.0 [level 11.1]
    Renderer: NVIDIA GeForce GTX 1080 (ID=0x1b80)
    Vendor:   NVIDIA
    VRAM:     8059 MB
    Driver:   31.0.15.5161
Shader 'FindOutFire': fallback shader '_StencilComp' not found
Initialize mono
Mono path[0] = 'C:/Program Files/Unity/Hub/Editor/2022.3.15f1/Editor/Data/Managed'
Mono path[1] = 'C:/Program Files/Unity/Hub/Editor/2022.3.15f1/Editor/Data/MonoBleedingEdge/lib/mono/unityjit-win32'
Mono config path = 'C:/Program Files/Unity/Hub/Editor/2022.3.15f1/Editor/Data/MonoBleedingEdge/etc'
Using monoOptions --debugger-agent=transport=dt_socket,embedding=1,server=y,suspend=n,address=127.0.0.1:56536
Begin MonoManager ReloadAssembly
Registering precompiled unity dll's ...
Register platform support module: C:/Program Files/Unity/Hub/Editor/2022.3.15f1/Editor/Data/PlaybackEngines/WindowsStandaloneSupport/UnityEditor.WindowsStandalone.Extensions.dll
Registered in 0.004977 seconds.
- Loaded All Assemblies, in  5.266 seconds
Native extension for WindowsStandalone target not found
Mono: successfully reloaded assembly
- Finished resetting the current domain, in  0.169 seconds
Domain Reload Profiling: 5434ms
	BeginReloadAssembly (4115ms)
		ExecutionOrderSort (0ms)
		DisableScriptedObjects (0ms)
		BackupInstance (0ms)
		ReleaseScriptingObjects (0ms)
		CreateAndSetChildDomain (1ms)
	RebuildCommonClasses (343ms)
	RebuildNativeTypeToScriptingClass (6ms)
	initialDomainReloadingComplete (38ms)
	LoadAllAssembliesAndSetupDomain (763ms)
		LoadAssemblies (4113ms)
		RebuildTransferFunctionScriptingTraits (0ms)
		AnalyzeDomain (762ms)
			TypeCache.Refresh (761ms)
				TypeCache.ScanAssembly (526ms)
			ScanForSourceGeneratedMonoScriptInfo (0ms)
			ResolveRequiredComponents (0ms)
	FinalizeReload (169ms)
		ReleaseScriptCaches (0ms)
		RebuildScriptCaches (0ms)
		SetupLoadedEditorAssemblies (133ms)
			LogAssemblyErrors (0ms)
			InitializePlatformSupportModulesInManaged (6ms)
			SetLoadedEditorAssemblies (5ms)
			RefreshPlugins (0ms)
			BeforeProcessingInitializeOnLoad (1ms)
			ProcessInitializeOnLoadAttributes (87ms)
			ProcessInitializeOnLoadMethodAttributes (34ms)
			AfterProcessingInitializeOnLoad (0ms)
			EditorAssembliesLoaded (0ms)
		ExecutionOrderSort2 (0ms)
		AwakeInstancesAfterBackupRestoration (0ms)
========================================================================
Worker process is ready to serve import requests
Begin MonoManager ReloadAssembly
- Loaded All Assemblies, in 11.055 seconds
Refreshing native plugins compatible for Editor in 5.94 ms, found 3 plugins.
Native extension for WindowsStandalone target not found
Package Manager log level set to [2]
[Package Manager] Server::EnsureServerProcessIsRunning -- launch failed, reason: Unity was launched with the -noUpm command-line argument
[Package Manager] UpmClient::Send -- Unable to send message (not connected to UPM process).
[Package Manager] Cannot connect to Unity Package Manager local server
Mono: successfully reloaded assembly
- Finished resetting the current domain, in  0.784 seconds
Domain Reload Profiling: 11834ms
	BeginReloadAssembly (115ms)
		ExecutionOrderSort (0ms)
		DisableScriptedObjects (4ms)
		BackupInstance (0ms)
		ReleaseScriptingObjects (0ms)
		CreateAndSetChildDomain (18ms)
	RebuildCommonClasses (21ms)
	RebuildNativeTypeToScriptingClass (7ms)
	initialDomainReloadingComplete (51ms)
	LoadAllAssembliesAndSetupDomain (10855ms)
		LoadAssemblies (10471ms)
		RebuildTransferFunctionScriptingTraits (0ms)
		AnalyzeDomain (454ms)
			TypeCache.Refresh (423ms)
				TypeCache.ScanAssembly (365ms)
			ScanForSourceGeneratedMonoScriptInfo (21ms)
			ResolveRequiredComponents (8ms)
	FinalizeReload (785ms)
		ReleaseScriptCaches (0ms)
		RebuildScriptCaches (0ms)
		SetupLoadedEditorAssemblies (640ms)
			LogAssemblyErrors (0ms)
			InitializePlatformSupportModulesInManaged (4ms)
			SetLoadedEditorAssemblies (3ms)
			RefreshPlugins (0ms)
			BeforeProcessingInitializeOnLoad (94ms)
			ProcessInitializeOnLoadAttributes (473ms)
			ProcessInitializeOnLoadMethodAttributes (58ms)
			AfterProcessingInitializeOnLoad (7ms)
			EditorAssembliesLoaded (0ms)
		ExecutionOrderSort2 (0ms)
		AwakeInstancesAfterBackupRestoration (7ms)
Shader 'FindOutFire': fallback shader '_StencilComp' not found
Launched and connected shader compiler UnityShaderCompiler.exe after 0.03 seconds
Refreshing native plugins compatible for Editor in 7.22 ms, found 3 plugins.
Preloading 0 native plugins for Editor in 0.00 ms.
Unloading 7502 Unused Serialized files (Serialized files now loaded: 0)
Unloading 119 unused Assets / (2.1 MB). Loaded Objects now: 8085.
Memory consumption went from 357.1 MB to 355.1 MB.
Total: 5.208300 ms (FindLiveObjects: 0.604700 ms CreateObjectMapping: 0.438600 ms MarkObjects: 3.466100 ms  DeleteObjects: 0.697700 ms)

AssetImportParameters requested are different than current active one (requested -> active):
  custom:container-demuxer-ogg: 62fdf1f143b41e24485cea50d1cbac27 -> 
  custom:framework-win-MediaFoundation: 216162199b28c13a410421893ffa2e32 -> 
  custom:container-muxer-webm: aa71ff27fc2769a1b78a27578f13a17b -> 
  custom:video-decoder-webm-vp8: 9c59270c3fd7afecdb556c50c9e8de78 -> 
  custom:SearchIndexIgnoredProperties: e643bd26f0fe6173181afceb89e7c659 -> 
  custom:AudioImporter_EditorPlatform: d09bf68614088b80899f8185d706f6e7 -> 
  custom:audio-decoder-ogg-vorbis: bf7c407c2cedff20999df2af8eb42d56 -> 
  custom:audio-encoder-webm-vorbis: bf7c407c2cedff20999df2af8eb42d56 -> 
  custom:video-codec-MediaFoundation-h265: 746d11721c4dcdbdad8f713fa42b33f4 -> 
  custom:video-decoder-ogg-theora: a1e56fd34408186e4bbccfd4996cb3dc -> 
  custom:CustomObjectIndexerAttribute: 39606d92bcf39ac9cd6fca1116091104 -> 
  custom:container-demuxer-webm: 4f35f7cbe854078d1ac9338744f61a02 -> 
  custom:video-encoder-webm-vp8: eb34c28f22e8b96e1ab97ce403110664 -> 
========================================================================
Received Import Request.
  Time since last request: 42405.956165 seconds.
  path: Assets/Plugins/Febucci/Text Animator/Scripts/Editor/Resources/Text Animator/about_logo.png
  artifactKey: Guid(04f06a54beeb7574a8c2b2083e7be396) Importer(815301076,1909f56bfc062723c751e8b465ee728b)
Start importing Assets/Plugins/Febucci/Text Animator/Scripts/Editor/Resources/Text Animator/about_logo.png using Guid(04f06a54beeb7574a8c2b2083e7be396) Importer(815301076,1909f56bfc062723c751e8b465ee728b)  -> (artifact id: 'e5634c07bbb2dc4be5e9079c6e21e8de') in 0.045668 seconds
Number of updated asset objects reloaded before import = 1
Number of asset objects unloaded after import = 2
========================================================================
Received Import Request.
  Time since last request: 0.000033 seconds.
  path: Assets/AmplifyShaderEditor/Plugins/EditorResources/Nodes/Bezier1X2AA.png
  artifactKey: Guid(06e687f68dd96f0448c6d8217bbcf608) Importer(815301076,1909f56bfc062723c751e8b465ee728b)
Start importing Assets/AmplifyShaderEditor/Plugins/EditorResources/Nodes/Bezier1X2AA.png using Guid(06e687f68dd96f0448c6d8217bbcf608) Importer(815301076,1909f56bfc062723c751e8b465ee728b)  -> (artifact id: 'b494539ea35fae9ac29a5b3a0a4d05ee') in 0.021291 seconds
Number of updated asset objects reloaded before import = 0
Number of asset objects unloaded after import = 2
========================================================================
Received Import Request.
  Time since last request: 0.000021 seconds.
  path: Assets/Main/AllUnitsController/HeadUpIcon/Image/Arrow.png
  artifactKey: Guid(c2a4a64718b004c43bc3c346700dfed4) Importer(815301076,1909f56bfc062723c751e8b465ee728b)
Start importing Assets/Main/AllUnitsController/HeadUpIcon/Image/Arrow.png using Guid(c2a4a64718b004c43bc3c346700dfed4) Importer(815301076,1909f56bfc062723c751e8b465ee728b)  -> (artifact id: 'f07d812eab3d111894386fcd6d0a3686') in 0.034180 seconds
Number of updated asset objects reloaded before import = 0
Number of asset objects unloaded after import = 2
========================================================================
Received Import Request.
  Time since last request: 0.000020 seconds.
  path: Assets/AmplifyShaderEditor/Plugins/EditorResources/Textures/blue.png
  artifactKey: Guid(826f80ee0ad07444c8558af826a4df2e) Importer(815301076,1909f56bfc062723c751e8b465ee728b)
Start importing Assets/AmplifyShaderEditor/Plugins/EditorResources/Textures/blue.png using Guid(826f80ee0ad07444c8558af826a4df2e) Importer(815301076,1909f56bfc062723c751e8b465ee728b)  -> (artifact id: '81ffb0639f8c44e9434e0f8bda0716c4') in 0.012261 seconds
Number of updated asset objects reloaded before import = 0
Number of asset objects unloaded after import = 2
========================================================================
Received Import Request.
  Time since last request: 0.000013 seconds.
  path: Assets/AssetModels/CharacterPack Lowpoly (FREE)/Textures/characters_map.png
  artifactKey: Guid(4bd33e1e21997ce40943100eae6b272c) Importer(815301076,1909f56bfc062723c751e8b465ee728b)
Start importing Assets/AssetModels/CharacterPack Lowpoly (FREE)/Textures/characters_map.png using Guid(4bd33e1e21997ce40943100eae6b272c) Importer(815301076,1909f56bfc062723c751e8b465ee728b)  -> (artifact id: 'ce18aef139682ee57752decc68c7eb32') in 0.016568 seconds
Number of updated asset objects reloaded before import = 0
Number of asset objects unloaded after import = 2
========================================================================
Received Import Request.
  Time since last request: 0.000017 seconds.
  path: Assets/AmplifyShaderEditor/Plugins/EditorResources/UI/Nodes/CommentaryResizeIconInv.png
  artifactKey: Guid(b52bc320a2ff91446978a893ec738134) Importer(815301076,1909f56bfc062723c751e8b465ee728b)
Start importing Assets/AmplifyShaderEditor/Plugins/EditorResources/UI/Nodes/CommentaryResizeIconInv.png using Guid(b52bc320a2ff91446978a893ec738134) Importer(815301076,1909f56bfc062723c751e8b465ee728b)  -> (artifact id: '8fb2c7ab29fcaf029c9dc57c40d63136') in 0.012524 seconds
Number of updated asset objects reloaded before import = 0
Number of asset objects unloaded after import = 2
========================================================================
Received Import Request.
  Time since last request: 0.000022 seconds.
  path: Assets/AmplifyShaderEditor/Plugins/EditorResources/UI/Buttons/CleanupOFFNew.png
  artifactKey: Guid(df0f2e2030492c14d9237317aef419cd) Importer(815301076,1909f56bfc062723c751e8b465ee728b)
Start importing Assets/AmplifyShaderEditor/Plugins/EditorResources/UI/Buttons/CleanupOFFNew.png using Guid(df0f2e2030492c14d9237317aef419cd) Importer(815301076,1909f56bfc062723c751e8b465ee728b)  -> (artifact id: '0d3b53e869ec3fa0ccd562600a4b55f1') in 0.012586 seconds
Number of updated asset objects reloaded before import = 0
Number of asset objects unloaded after import = 2
========================================================================
Received Import Request.
  Time since last request: 0.000015 seconds.
  path: Assets/Plugins/Com.ForbiddenByte/OSA/Demos/Textures/error.png
  artifactKey: Guid(0ceb1ac9e5956bf48b58485cf7b8f0f2) Importer(815301076,1909f56bfc062723c751e8b465ee728b)
Start importing Assets/Plugins/Com.ForbiddenByte/OSA/Demos/Textures/error.png using Guid(0ceb1ac9e5956bf48b58485cf7b8f0f2) Importer(815301076,1909f56bfc062723c751e8b465ee728b)  -> (artifact id: '72c65b242f4900381dff224d75fb5bd6') in 0.017714 seconds
Number of updated asset objects reloaded before import = 0
Number of asset objects unloaded after import = 2
========================================================================
Received Import Request.
  Time since last request: 0.000019 seconds.
  path: Assets/Plugins/Demigiant/DOTween/Editor/Imgs/DOTweenIcon.png
  artifactKey: Guid(8da095e39e9b4df488dfd436f81116d6) Importer(815301076,1909f56bfc062723c751e8b465ee728b)
Start importing Assets/Plugins/Demigiant/DOTween/Editor/Imgs/DOTweenIcon.png using Guid(8da095e39e9b4df488dfd436f81116d6) Importer(815301076,1909f56bfc062723c751e8b465ee728b)  -> (artifact id: '2939bbca734315527ea45d0005c43a29') in 0.010663 seconds
Number of updated asset objects reloaded before import = 0
Number of asset objects unloaded after import = 2
========================================================================
Received Import Request.
  Time since last request: 0.000014 seconds.
  path: Assets/AssetModels/CharacterPack Lowpoly (FREE)/Textures/characters_map 2.png
  artifactKey: Guid(79a76738c9277534092f8c0914d298b1) Importer(815301076,1909f56bfc062723c751e8b465ee728b)
Start importing Assets/AssetModels/CharacterPack Lowpoly (FREE)/Textures/characters_map 2.png using Guid(79a76738c9277534092f8c0914d298b1) Importer(815301076,1909f56bfc062723c751e8b465ee728b)  -> (artifact id: 'da2c2471214f40ad800eac4657388a51') in 0.011205 seconds
Number of updated asset objects reloaded before import = 0
Number of asset objects unloaded after import = 2
========================================================================
Received Import Request.
  Time since last request: 0.000016 seconds.
  path: Assets/Plugins/Demigiant/DemiLib/Core/Editor/Imgs/blackSquareAlpha25.png
  artifactKey: Guid(f7ff421f40d548444864a01cd7f47112) Importer(815301076,1909f56bfc062723c751e8b465ee728b)
Start importing Assets/Plugins/Demigiant/DemiLib/Core/Editor/Imgs/blackSquareAlpha25.png using Guid(f7ff421f40d548444864a01cd7f47112) Importer(815301076,1909f56bfc062723c751e8b465ee728b)  -> (artifact id: '41130ee05fbcc52197d65b3a33313ec0') in 0.006884 seconds
Number of updated asset objects reloaded before import = 0
Number of asset objects unloaded after import = 2
========================================================================
Received Import Request.
  Time since last request: 0.000015 seconds.
  path: Assets/AmplifyShaderEditor/Plugins/EditorResources/Textures/flat.png
  artifactKey: Guid(194a51ad3c0179644abea3f196c5ebe6) Importer(815301076,1909f56bfc062723c751e8b465ee728b)
Start importing Assets/AmplifyShaderEditor/Plugins/EditorResources/Textures/flat.png using Guid(194a51ad3c0179644abea3f196c5ebe6) Importer(815301076,1909f56bfc062723c751e8b465ee728b)  -> (artifact id: '711c2154ff42e18cc18e570a84fe6c90') in 0.015782 seconds
Number of updated asset objects reloaded before import = 0
Number of asset objects unloaded after import = 2
========================================================================
Received Import Request.
  Time since last request: 0.000016 seconds.
  path: Assets/AmplifyShaderEditor/Plugins/EditorResources/UI/Nodes/FlatBackground.png
  artifactKey: Guid(44efd0011d6a9bc4fb0b3a82753dac4e) Importer(815301076,1909f56bfc062723c751e8b465ee728b)
Start importing Assets/AmplifyShaderEditor/Plugins/EditorResources/UI/Nodes/FlatBackground.png using Guid(44efd0011d6a9bc4fb0b3a82753dac4e) Importer(815301076,1909f56bfc062723c751e8b465ee728b)  -> (artifact id: 'cd47bb8272f6765756992bdf9c605cff') in 0.010226 seconds
Number of updated asset objects reloaded before import = 0
Number of asset objects unloaded after import = 2
========================================================================
Received Import Request.
  Time since last request: 0.000021 seconds.
  path: Assets/AmplifyShaderEditor/Plugins/EditorResources/UI/Buttons/FocusNode.png
  artifactKey: Guid(da673e6179c67d346abb220a6935e359) Importer(815301076,1909f56bfc062723c751e8b465ee728b)
Start importing Assets/AmplifyShaderEditor/Plugins/EditorResources/UI/Buttons/FocusNode.png using Guid(da673e6179c67d346abb220a6935e359) Importer(815301076,1909f56bfc062723c751e8b465ee728b)  -> (artifact id: '2e2e9151cba2cea1de7533da340c25b9') in 0.010515 seconds
Number of updated asset objects reloaded before import = 0
Number of asset objects unloaded after import = 2
========================================================================
Received Import Request.
  Time since last request: 0.000013 seconds.
  path: Assets/AmplifyShaderEditor/Plugins/EditorResources/Textures/black.png
  artifactKey: Guid(7a170cdb7cc88024cb628cfcdbb6705c) Importer(815301076,1909f56bfc062723c751e8b465ee728b)
Start importing Assets/AmplifyShaderEditor/Plugins/EditorResources/Textures/black.png using Guid(7a170cdb7cc88024cb628cfcdbb6705c) Importer(815301076,1909f56bfc062723c751e8b465ee728b)  -> (artifact id: '10d569037dd8f161d6c261b951abfaa9') in 0.013243 seconds
Number of updated asset objects reloaded before import = 0
Number of asset objects unloaded after import = 2
========================================================================
Received Import Request.
  Time since last request: 0.000015 seconds.
  path: Assets/AmplifyShaderEditor/Plugins/EditorResources/UI/Nodes/BlueNormalHeader.png
  artifactKey: Guid(bd910a1d744309b499b59062db7891ab) Importer(815301076,1909f56bfc062723c751e8b465ee728b)
Start importing Assets/AmplifyShaderEditor/Plugins/EditorResources/UI/Nodes/BlueNormalHeader.png using Guid(bd910a1d744309b499b59062db7891ab) Importer(815301076,1909f56bfc062723c751e8b465ee728b)  -> (artifact id: '99c7dca4f6aba56ca2e2e14cf4bc4b11') in 0.011269 seconds
Number of updated asset objects reloaded before import = 0
Number of asset objects unloaded after import = 2
========================================================================
Received Import Request.
  Time since last request: 0.000015 seconds.
  path: Assets/Plugins/Demigiant/DOTween/Editor/Imgs/Footer.png
  artifactKey: Guid(7051dba417b3d53409f2918f1ea4938d) Importer(815301076,1909f56bfc062723c751e8b465ee728b)
Start importing Assets/Plugins/Demigiant/DOTween/Editor/Imgs/Footer.png using Guid(7051dba417b3d53409f2918f1ea4938d) Importer(815301076,1909f56bfc062723c751e8b465ee728b)  -> (artifact id: 'ff1282660008bb91315ce8513d795272') in 0.014817 seconds
Number of updated asset objects reloaded before import = 0
Number of asset objects unloaded after import = 2
========================================================================
Received Import Request.
  Time since last request: 0.000020 seconds.
  path: Assets/AmplifyShaderEditor/Plugins/EditorResources/UI/Nodes/GrayNormalHeaderSquare.png
  artifactKey: Guid(b16188b8a3dee8146bd9cb0bde234a24) Importer(815301076,1909f56bfc062723c751e8b465ee728b)
Start importing Assets/AmplifyShaderEditor/Plugins/EditorResources/UI/Nodes/GrayNormalHeaderSquare.png using Guid(b16188b8a3dee8146bd9cb0bde234a24) Importer(815301076,1909f56bfc062723c751e8b465ee728b)  -> (artifact id: '9ad91ffb6fab320263dc7d3015abe9fe') in 0.012696 seconds
Number of updated asset objects reloaded before import = 0
Number of asset objects unloaded after import = 2
========================================================================
Received Import Request.
  Time since last request: 0.000016 seconds.
  path: Assets/Plugins/Demigiant/DemiLib/Core/Editor/Imgs/greenSquare.png
  artifactKey: Guid(789ef07ba2573f6448fa8b5dc5224c44) Importer(815301076,1909f56bfc062723c751e8b465ee728b)
Start importing Assets/Plugins/Demigiant/DemiLib/Core/Editor/Imgs/greenSquare.png using Guid(789ef07ba2573f6448fa8b5dc5224c44) Importer(815301076,1909f56bfc062723c751e8b465ee728b)  -> (artifact id: 'b1f8df2205e9870728cb410b971650fa') in 0.014140 seconds
Number of updated asset objects reloaded before import = 0
Number of asset objects unloaded after import = 2
========================================================================
Received Import Request.
  Time since last request: 0.000014 seconds.
  path: Assets/Main/AllUnitsController/HeadUpIcon/Image/HeadUpQuestion.png
  artifactKey: Guid(93f05142d352f48449c46f51d7fe9797) Importer(815301076,1909f56bfc062723c751e8b465ee728b)
Start importing Assets/Main/AllUnitsController/HeadUpIcon/Image/HeadUpQuestion.png using Guid(93f05142d352f48449c46f51d7fe9797) Importer(815301076,1909f56bfc062723c751e8b465ee728b)  -> (artifact id: '03d49342f12314389a24e413c2c83fef') in 0.014746 seconds
Number of updated asset objects reloaded before import = 0
Number of asset objects unloaded after import = 2
========================================================================
Received Import Request.
  Time since last request: 0.000020 seconds.
  path: Assets/AmplifyShaderEditor/Plugins/EditorResources/UI/Buttons/CustomExpAddIconActive.png
  artifactKey: Guid(52bbe770f45f531419e44a69be67ccba) Importer(815301076,1909f56bfc062723c751e8b465ee728b)
Start importing Assets/AmplifyShaderEditor/Plugins/EditorResources/UI/Buttons/CustomExpAddIconActive.png using Guid(52bbe770f45f531419e44a69be67ccba) Importer(815301076,1909f56bfc062723c751e8b465ee728b)  -> (artifact id: 'dceba6aa95c908c6cd0d6bc897f31fb8') in 0.012338 seconds
Number of updated asset objects reloaded before import = 0
Number of asset objects unloaded after import = 2
========================================================================
Received Import Request.
  Time since last request: 0.000013 seconds.
  path: Assets/Plugins/Demigiant/DemiLib/Core/Editor/Imgs/ico_alignBC.png
  artifactKey: Guid(2cdc0bc527f7a434496c6be9236e636f) Importer(815301076,1909f56bfc062723c751e8b465ee728b)
Start importing Assets/Plugins/Demigiant/DemiLib/Core/Editor/Imgs/ico_alignBC.png using Guid(2cdc0bc527f7a434496c6be9236e636f) Importer(815301076,1909f56bfc062723c751e8b465ee728b)  -> (artifact id: '23af30648ed80a8d44c79c50f93c5b8a') in 0.012625 seconds
Number of updated asset objects reloaded before import = 0
Number of asset objects unloaded after import = 2
========================================================================
Received Import Request.
  Time since last request: 0.000012 seconds.
  path: Assets/Plugins/Demigiant/DemiLib/Core/Editor/Imgs/ico_alignCR.png
  artifactKey: Guid(6f504a3fa8848264bb4fb9bb7d582dd5) Importer(815301076,1909f56bfc062723c751e8b465ee728b)
Start importing Assets/Plugins/Demigiant/DemiLib/Core/Editor/Imgs/ico_alignCR.png using Guid(6f504a3fa8848264bb4fb9bb7d582dd5) Importer(815301076,1909f56bfc062723c751e8b465ee728b)  -> (artifact id: '35029374322d8d065e2e8cd07fe9cc36') in 0.010015 seconds
Number of updated asset objects reloaded before import = 0
Number of asset objects unloaded after import = 2
========================================================================
Received Import Request.
  Time since last request: 0.000012 seconds.
  path: Assets/Plugins/Demigiant/DemiLib/Core/Editor/Imgs/ico_alignVC.png
  artifactKey: Guid(d1d45eadab0e41c4a82cdffb6396b1d7) Importer(815301076,1909f56bfc062723c751e8b465ee728b)
Start importing Assets/Plugins/Demigiant/DemiLib/Core/Editor/Imgs/ico_alignVC.png using Guid(d1d45eadab0e41c4a82cdffb6396b1d7) Importer(815301076,1909f56bfc062723c751e8b465ee728b)  -> (artifact id: '534129df3810aba33117a9022a2a8f10') in 0.010632 seconds
Number of updated asset objects reloaded before import = 0
Number of asset objects unloaded after import = 2
========================================================================
Received Import Request.
  Time since last request: 0.000094 seconds.
  path: Assets/Plugins/Demigiant/DemiLib/Core/Editor/Imgs/ico_camera.png
  artifactKey: Guid(37639be6148186645bca3fce45d5aa22) Importer(815301076,1909f56bfc062723c751e8b465ee728b)
Start importing Assets/Plugins/Demigiant/DemiLib/Core/Editor/Imgs/ico_camera.png using Guid(37639be6148186645bca3fce45d5aa22) Importer(815301076,1909f56bfc062723c751e8b465ee728b)  -> (artifact id: '8fe2bf93b071c0f1b8bfeee72d5c2945') in 0.014541 seconds
Number of updated asset objects reloaded before import = 0
Number of asset objects unloaded after import = 2
========================================================================
Received Import Request.
  Time since last request: 0.000017 seconds.
  path: Assets/Plugins/Demigiant/DemiLib/Core/Editor/Imgs/ico_delete.png
  artifactKey: Guid(6b1f9e1e1c2cf004b8e3bdd3033a8e75) Importer(815301076,1909f56bfc062723c751e8b465ee728b)
Start importing Assets/Plugins/Demigiant/DemiLib/Core/Editor/Imgs/ico_delete.png using Guid(6b1f9e1e1c2cf004b8e3bdd3033a8e75) Importer(815301076,1909f56bfc062723c751e8b465ee728b)  -> (artifact id: 'aa5dbe8926dd2704cea25e1643a6d2fb') in 0.012030 seconds
Number of updated asset objects reloaded before import = 0
Number of asset objects unloaded after import = 2
========================================================================
Received Import Request.
  Time since last request: 0.000013 seconds.
  path: Assets/Plugins/Demigiant/DemiLib/Core/Editor/Imgs/ico_distributeHAlignT.png
  artifactKey: Guid(1ccb12a4b0bf8f447b2cc114851732f5) Importer(815301076,1909f56bfc062723c751e8b465ee728b)
Start importing Assets/Plugins/Demigiant/DemiLib/Core/Editor/Imgs/ico_distributeHAlignT.png using Guid(1ccb12a4b0bf8f447b2cc114851732f5) Importer(815301076,1909f56bfc062723c751e8b465ee728b)  -> (artifact id: 'd1451edc045e8ed183b4b9bdeed7381e') in 0.012757 seconds
Number of updated asset objects reloaded before import = 0
Number of asset objects unloaded after import = 2
========================================================================
Received Import Request.
  Time since last request: 0.000021 seconds.
  path: Assets/Plugins/Demigiant/DemiLib/Core/Editor/Imgs/ico_distributeVAlignL.png
  artifactKey: Guid(32eaa0efb2b38774ea9705b40fdcc00a) Importer(815301076,1909f56bfc062723c751e8b465ee728b)
Start importing Assets/Plugins/Demigiant/DemiLib/Core/Editor/Imgs/ico_distributeVAlignL.png using Guid(32eaa0efb2b38774ea9705b40fdcc00a) Importer(815301076,1909f56bfc062723c751e8b465ee728b)  -> (artifact id: '0c359bd5e9c7859e8f230c5a2a91543e') in 0.016866 seconds
Number of updated asset objects reloaded before import = 0
Number of asset objects unloaded after import = 2
========================================================================
Received Import Request.
  Time since last request: 0.000031 seconds.
  path: Assets/Plugins/Demigiant/DemiLib/Core/Editor/Imgs/ico_comment_border.png
  artifactKey: Guid(d98b8847646169c4fb5af28dd84c4179) Importer(815301076,1909f56bfc062723c751e8b465ee728b)
Start importing Assets/Plugins/Demigiant/DemiLib/Core/Editor/Imgs/ico_comment_border.png using Guid(d98b8847646169c4fb5af28dd84c4179) Importer(815301076,1909f56bfc062723c751e8b465ee728b)  -> (artifact id: '30ac7129f753ce959a27e36a0aa2f9d8') in 0.016595 seconds
Number of updated asset objects reloaded before import = 0
Number of asset objects unloaded after import = 2
========================================================================
Received Import Request.
  Time since last request: 0.000017 seconds.
  path: Assets/Plugins/Demigiant/DemiLib/Core/Editor/Imgs/ico_alignCL.png
  artifactKey: Guid(2a8208d8e80f90944b8ff2978292b03b) Importer(815301076,1909f56bfc062723c751e8b465ee728b)
Start importing Assets/Plugins/Demigiant/DemiLib/Core/Editor/Imgs/ico_alignCL.png using Guid(2a8208d8e80f90944b8ff2978292b03b) Importer(815301076,1909f56bfc062723c751e8b465ee728b)  -> (artifact id: 'b8341c5aadbb0b5ad03827849f12cd06') in 0.014931 seconds
Number of updated asset objects reloaded before import = 0
Number of asset objects unloaded after import = 2
========================================================================
Received Import Request.
  Time since last request: 0.000020 seconds.
  path: Assets/Plugins/Azure[Sky] Dynamic Skybox/Core/Textures/DynamicCloud.png
  artifactKey: Guid(3a62a6ed1c025b64993375216f30ddaa) Importer(815301076,1909f56bfc062723c751e8b465ee728b)
Start importing Assets/Plugins/Azure[Sky] Dynamic Skybox/Core/Textures/DynamicCloud.png using Guid(3a62a6ed1c025b64993375216f30ddaa) Importer(815301076,1909f56bfc062723c751e8b465ee728b)  -> (artifact id: '1c08fcfcb2d0bcc2fa7124e47c842c93') in 0.035528 seconds
Number of updated asset objects reloaded before import = 0
Number of asset objects unloaded after import = 2
========================================================================
Received Import Request.
  Time since last request: 0.000016 seconds.
  path: Assets/AmplifyShaderEditor/Plugins/EditorResources/UI/Buttons/CustomExpRemoveIconNormal.png
  artifactKey: Guid(839cb1530f95ad14ab58762161a9cb06) Importer(815301076,1909f56bfc062723c751e8b465ee728b)
Start importing Assets/AmplifyShaderEditor/Plugins/EditorResources/UI/Buttons/CustomExpRemoveIconNormal.png using Guid(839cb1530f95ad14ab58762161a9cb06) Importer(815301076,1909f56bfc062723c751e8b465ee728b)  -> (artifact id: '50a234a92b6bcb977cd0b0a9f7218367') in 0.007278 seconds
Number of updated asset objects reloaded before import = 0
Number of asset objects unloaded after import = 2
========================================================================
Received Import Request.
  Time since last request: 0.000014 seconds.
  path: Assets/AmplifyShaderEditor/Plugins/EditorResources/UI/Buttons/CleanupONNew.png
  artifactKey: Guid(e86ba70d2363b9443beac28a6a370b87) Importer(815301076,1909f56bfc062723c751e8b465ee728b)
Start importing Assets/AmplifyShaderEditor/Plugins/EditorResources/UI/Buttons/CleanupONNew.png using Guid(e86ba70d2363b9443beac28a6a370b87) Importer(815301076,1909f56bfc062723c751e8b465ee728b)  -> (artifact id: 'b512c49996aa1283444c5638a1923d05') in 0.014039 seconds
Number of updated asset objects reloaded before import = 0
Number of asset objects unloaded after import = 2
========================================================================
Received Import Request.
  Time since last request: 0.000014 seconds.
  path: Assets/AmplifyShaderEditor/Plugins/EditorResources/UI/Canvas/CircleBackground.png
  artifactKey: Guid(c560c5d8ca4c353409caf2ec204f3a19) Importer(815301076,1909f56bfc062723c751e8b465ee728b)
Start importing Assets/AmplifyShaderEditor/Plugins/EditorResources/UI/Canvas/CircleBackground.png using Guid(c560c5d8ca4c353409caf2ec204f3a19) Importer(815301076,1909f56bfc062723c751e8b465ee728b)  -> (artifact id: 'b87d38d298ecff7b66c1721d2b72ab42') in 0.014377 seconds
Number of updated asset objects reloaded before import = 0
Number of asset objects unloaded after import = 2
========================================================================
Received Import Request.
  Time since last request: 0.000023 seconds.
  path: Assets/Plugins/Demigiant/DemiLib/Core/Editor/Imgs/ico_alignR.png
  artifactKey: Guid(727ba41e4cc95fe4a98b07301e3ebfc8) Importer(815301076,1909f56bfc062723c751e8b465ee728b)
Start importing Assets/Plugins/Demigiant/DemiLib/Core/Editor/Imgs/ico_alignR.png using Guid(727ba41e4cc95fe4a98b07301e3ebfc8) Importer(815301076,1909f56bfc062723c751e8b465ee728b)  -> (artifact id: '008978b2e5968d3152394123a5548f5f') in 0.016121 seconds
Number of updated asset objects reloaded before import = 0
Number of asset objects unloaded after import = 2
========================================================================
Received Import Request.
  Time since last request: 0.000020 seconds.
  path: Assets/AssetModels/Cartoon_crate_collection/Textures/holzkiste_0002a.bmp
  artifactKey: Guid(acad1d43258d54844ae0d5b571019d5a) Importer(815301076,1909f56bfc062723c751e8b465ee728b)
Start importing Assets/AssetModels/Cartoon_crate_collection/Textures/holzkiste_0002a.bmp using Guid(acad1d43258d54844ae0d5b571019d5a) Importer(815301076,1909f56bfc062723c751e8b465ee728b)  -> (artifact id: '7324201de27dc3a318a32fef6aab2be5') in 0.015196 seconds
Number of updated asset objects reloaded before import = 0
Number of asset objects unloaded after import = 2
========================================================================
Received Import Request.
  Time since last request: 0.000021 seconds.
  path: Assets/Main/AllUnitsController/HeadUpIcon/Image/HeadUPExculamation.png
  artifactKey: Guid(556d947756c2dc94ababf80a57f3c27d) Importer(815301076,1909f56bfc062723c751e8b465ee728b)
Start importing Assets/Main/AllUnitsController/HeadUpIcon/Image/HeadUPExculamation.png using Guid(556d947756c2dc94ababf80a57f3c27d) Importer(815301076,1909f56bfc062723c751e8b465ee728b)  -> (artifact id: 'd871f323207fc4c1676c067f62d12e52') in 0.019001 seconds
Number of updated asset objects reloaded before import = 0
Number of asset objects unloaded after import = 2
========================================================================
Received Import Request.
  Time since last request: 0.000042 seconds.
  path: Assets/Plugins/Demigiant/DemiLib/Core/Editor/Imgs/ico_flipV.png
  artifactKey: Guid(c44ae4a96937e2c4b8be481648364682) Importer(815301076,1909f56bfc062723c751e8b465ee728b)
Start importing Assets/Plugins/Demigiant/DemiLib/Core/Editor/Imgs/ico_flipV.png using Guid(c44ae4a96937e2c4b8be481648364682) Importer(815301076,1909f56bfc062723c751e8b465ee728b)  -> (artifact id: '6f9e846f6dcf1141db9bc50f7e43e6ea') in 0.016890 seconds
Number of updated asset objects reloaded before import = 0
Number of asset objects unloaded after import = 2
========================================================================
Received Import Request.
  Time since last request: 0.000017 seconds.
  path: Assets/Plugins/Demigiant/DemiLib/Core/Editor/Imgs/grid_bright.png
  artifactKey: Guid(93b1287b4a087f84c95c72f49ec94e83) Importer(815301076,1909f56bfc062723c751e8b465ee728b)
Start importing Assets/Plugins/Demigiant/DemiLib/Core/Editor/Imgs/grid_bright.png using Guid(93b1287b4a087f84c95c72f49ec94e83) Importer(815301076,1909f56bfc062723c751e8b465ee728b)  -> (artifact id: '662c4c5d1930aa9ba473245b2c4cfa80') in 0.017823 seconds
Number of updated asset objects reloaded before import = 0
Number of asset objects unloaded after import = 2
========================================================================
Received Import Request.
  Time since last request: 0.000018 seconds.
  path: Assets/AmplifyShaderEditor/Plugins/EditorResources/UI/Nodes/GraphButtonActive.png
  artifactKey: Guid(dd3411e8d9927d3429d5872dbdbd752b) Importer(815301076,1909f56bfc062723c751e8b465ee728b)
Start importing Assets/AmplifyShaderEditor/Plugins/EditorResources/UI/Nodes/GraphButtonActive.png using Guid(dd3411e8d9927d3429d5872dbdbd752b) Importer(815301076,1909f56bfc062723c751e8b465ee728b)  -> (artifact id: 'cdc55d39e86f97f908b45a4f040d050f') in 0.014440 seconds
Number of updated asset objects reloaded before import = 0
Number of asset objects unloaded after import = 2
========================================================================
Received Import Request.
  Time since last request: 0.000024 seconds.
  path: Assets/AmplifyShaderEditor/Plugins/EditorResources/Textures/green.png
  artifactKey: Guid(352167e52fa3b0c43ac690f5e2debc2b) Importer(815301076,1909f56bfc062723c751e8b465ee728b)
Start importing Assets/AmplifyShaderEditor/Plugins/EditorResources/Textures/green.png using Guid(352167e52fa3b0c43ac690f5e2debc2b) Importer(815301076,1909f56bfc062723c751e8b465ee728b)  -> (artifact id: '12f92e2b777918074784ab370eb36b76') in 0.016415 seconds
Number of updated asset objects reloaded before import = 0
Number of asset objects unloaded after import = 2
========================================================================
Received Import Request.
  Time since last request: 0.000024 seconds.
  path: Assets/Plugins/Demigiant/DemiLib/Core/Editor/Imgs/project/ico_bundle.png
  artifactKey: Guid(58676a985ae875646b7be748cf4499fd) Importer(815301076,1909f56bfc062723c751e8b465ee728b)
Start importing Assets/Plugins/Demigiant/DemiLib/Core/Editor/Imgs/project/ico_bundle.png using Guid(58676a985ae875646b7be748cf4499fd) Importer(815301076,1909f56bfc062723c751e8b465ee728b)  -> (artifact id: '7f4efed67b7ee74eef992888584f3db7') in 0.018216 seconds
Number of updated asset objects reloaded before import = 0
Number of asset objects unloaded after import = 2
========================================================================
Received Import Request.
  Time since last request: 0.000022 seconds.
  path: Assets/Plugins/Demigiant/DOTween/Editor/Imgs/Footer_dark.png
  artifactKey: Guid(519694efe2bb2914788b151fbd8c01f4) Importer(815301076,1909f56bfc062723c751e8b465ee728b)
Start importing Assets/Plugins/Demigiant/DOTween/Editor/Imgs/Footer_dark.png using Guid(519694efe2bb2914788b151fbd8c01f4) Importer(815301076,1909f56bfc062723c751e8b465ee728b)  -> (artifact id: 'dadb3a89c6ceb8b25299c1aab2dae375') in 0.019356 seconds
Number of updated asset objects reloaded before import = 0
Number of asset objects unloaded after import = 2
========================================================================
Received Import Request.
  Time since last request: 0.000047 seconds.
  path: Assets/Plugins/Demigiant/DemiLib/Core/Editor/Imgs/project/ico_atlas.png
  artifactKey: Guid(e2279677842a8064fbae0bc889fb85ab) Importer(815301076,1909f56bfc062723c751e8b465ee728b)
Start importing Assets/Plugins/Demigiant/DemiLib/Core/Editor/Imgs/project/ico_atlas.png using Guid(e2279677842a8064fbae0bc889fb85ab) Importer(815301076,1909f56bfc062723c751e8b465ee728b)  -> (artifact id: '41a01c9d55dc8e995bc54d42e3470214') in 0.017405 seconds
Number of updated asset objects reloaded before import = 0
Number of asset objects unloaded after import = 2
========================================================================
Received Import Request.
  Time since last request: 0.000021 seconds.
  path: Assets/AmplifyShaderEditor/Plugins/EditorResources/UI/Buttons/Checkmark.png
  artifactKey: Guid(e9c4642eaa083a54ab91406d8449e6ac) Importer(815301076,1909f56bfc062723c751e8b465ee728b)
Start importing Assets/AmplifyShaderEditor/Plugins/EditorResources/UI/Buttons/Checkmark.png using Guid(e9c4642eaa083a54ab91406d8449e6ac) Importer(815301076,1909f56bfc062723c751e8b465ee728b)  -> (artifact id: '88a09fccd1018e350a37667a012000d8') in 0.028258 seconds
Number of updated asset objects reloaded before import = 0
Number of asset objects unloaded after import = 2
========================================================================
Received Import Request.
  Time since last request: 0.000027 seconds.
  path: Assets/AmplifyShaderEditor/Plugins/EditorResources/UI/Nodes/CommentaryResizeIcon.png
  artifactKey: Guid(5321bd2b79632764286f28503db80815) Importer(815301076,1909f56bfc062723c751e8b465ee728b)
Start importing Assets/AmplifyShaderEditor/Plugins/EditorResources/UI/Nodes/CommentaryResizeIcon.png using Guid(5321bd2b79632764286f28503db80815) Importer(815301076,1909f56bfc062723c751e8b465ee728b)  -> (artifact id: 'c555a2e583d0af99644898f47232fb5b') in 0.015322 seconds
Number of updated asset objects reloaded before import = 0
Number of asset objects unloaded after import = 2
========================================================================
Received Import Request.
  Time since last request: 0.000025 seconds.
  path: Assets/Plugins/Demigiant/DemiLib/Core/Editor/Imgs/ico_alignBR.png
  artifactKey: Guid(eeac3acbf7d1cd54fabfb1c4a12f9fc8) Importer(815301076,1909f56bfc062723c751e8b465ee728b)
Start importing Assets/Plugins/Demigiant/DemiLib/Core/Editor/Imgs/ico_alignBR.png using Guid(eeac3acbf7d1cd54fabfb1c4a12f9fc8) Importer(815301076,1909f56bfc062723c751e8b465ee728b)  -> (artifact id: '897a9489c8a768f141fee49b8811bedc') in 0.016924 seconds
Number of updated asset objects reloaded before import = 0
Number of asset objects unloaded after import = 2
========================================================================
Received Import Request.
  Time since last request: 0.000024 seconds.
  path: Assets/Plugins/Demigiant/DemiLib/Core/Editor/Imgs/blackSquareAlpha10.png
  artifactKey: Guid(8c9cfa1dbe00a1d41ae9d14f5ac543ec) Importer(815301076,1909f56bfc062723c751e8b465ee728b)
Start importing Assets/Plugins/Demigiant/DemiLib/Core/Editor/Imgs/blackSquareAlpha10.png using Guid(8c9cfa1dbe00a1d41ae9d14f5ac543ec) Importer(815301076,1909f56bfc062723c751e8b465ee728b)  -> (artifact id: 'b712f7dfd53373424f58b30571ac655d') in 0.013247 seconds
Number of updated asset objects reloaded before import = 0
Number of asset objects unloaded after import = 2
========================================================================
Received Import Request.
  Time since last request: 0.000021 seconds.
  path: Assets/Plugins/Demigiant/DemiLib/Core/Editor/Imgs/circle_dashedBorderEmpty.png
  artifactKey: Guid(522b0133a9838674ca9a12e0c6e5a59c) Importer(815301076,1909f56bfc062723c751e8b465ee728b)
Start importing Assets/Plugins/Demigiant/DemiLib/Core/Editor/Imgs/circle_dashedBorderEmpty.png using Guid(522b0133a9838674ca9a12e0c6e5a59c) Importer(815301076,1909f56bfc062723c751e8b465ee728b)  -> (artifact id: '8be991ed67693b7c776d93e0c9e0e305') in 0.015133 seconds
Number of updated asset objects reloaded before import = 0
Number of asset objects unloaded after import = 2
========================================================================
Received Import Request.
  Time since last request: 0.000028 seconds.
  path: Assets/Plugins/Demigiant/DemiLib/Core/Editor/Imgs/ico_camera_border.png
  artifactKey: Guid(358cddede8023574191e0aae610a4645) Importer(815301076,1909f56bfc062723c751e8b465ee728b)
Start importing Assets/Plugins/Demigiant/DemiLib/Core/Editor/Imgs/ico_camera_border.png using Guid(358cddede8023574191e0aae610a4645) Importer(815301076,1909f56bfc062723c751e8b465ee728b)  -> (artifact id: 'ee2413753f33fdb5c6297812f9a15774') in 0.019522 seconds
Number of updated asset objects reloaded before import = 0
Number of asset objects unloaded after import = 2
========================================================================
Received Import Request.
  Time since last request: 0.000017 seconds.
  path: Assets/Plugins/Demigiant/DemiLib/Core/Editor/Imgs/ico_doing.png
  artifactKey: Guid(4dd24a9f658e7a3438d4fa08fb85aba3) Importer(815301076,1909f56bfc062723c751e8b465ee728b)
Start importing Assets/Plugins/Demigiant/DemiLib/Core/Editor/Imgs/ico_doing.png using Guid(4dd24a9f658e7a3438d4fa08fb85aba3) Importer(815301076,1909f56bfc062723c751e8b465ee728b)  -> (artifact id: '11bd4dc8e06d88a7cf76226cfe29b8bd') in 0.018879 seconds
Number of updated asset objects reloaded before import = 0
Number of asset objects unloaded after import = 2
========================================================================
Received Import Request.
  Time since last request: 0.000023 seconds.
  path: Assets/AmplifyShaderEditor/Plugins/EditorResources/Textures/grey.png
  artifactKey: Guid(31d5a2d79390ab542a81a6699a999758) Importer(815301076,1909f56bfc062723c751e8b465ee728b)
Start importing Assets/AmplifyShaderEditor/Plugins/EditorResources/Textures/grey.png using Guid(31d5a2d79390ab542a81a6699a999758) Importer(815301076,1909f56bfc062723c751e8b465ee728b)  -> (artifact id: '89aacec0d70402795e7d8a3b25e62761') in 0.019897 seconds
Number of updated asset objects reloaded before import = 0
Number of asset objects unloaded after import = 2
========================================================================
Received Import Request.
  Time since last request: 0.000023 seconds.
  path: Assets/Plugins/Demigiant/DemiLib/Core/Editor/Imgs/ico_alignBL.png
  artifactKey: Guid(abf8a615f379ef44b9ac872a13b7712f) Importer(815301076,1909f56bfc062723c751e8b465ee728b)
Start importing Assets/Plugins/Demigiant/DemiLib/Core/Editor/Imgs/ico_alignBL.png using Guid(abf8a615f379ef44b9ac872a13b7712f) Importer(815301076,1909f56bfc062723c751e8b465ee728b)  -> (artifact id: '9b192a930a5487e1d69c80a6a8e83e1c') in 0.021089 seconds
Number of updated asset objects reloaded before import = 0
Number of asset objects unloaded after import = 2
========================================================================
Received Import Request.
  Time since last request: 0.000019 seconds.
  path: Assets/AmplifyShaderEditor/Plugins/EditorResources/UI/Nodes/BlueNormalBase.png
  artifactKey: Guid(60c283ffa9a758646ab70a2fe7ff5f71) Importer(815301076,1909f56bfc062723c751e8b465ee728b)
Start importing Assets/AmplifyShaderEditor/Plugins/EditorResources/UI/Nodes/BlueNormalBase.png using Guid(60c283ffa9a758646ab70a2fe7ff5f71) Importer(815301076,1909f56bfc062723c751e8b465ee728b)  -> (artifact id: '19ef1ca9cf065675cf0534503e6a156c') in 0.015756 seconds
Number of updated asset objects reloaded before import = 0
Number of asset objects unloaded after import = 2
========================================================================
Received Import Request.
  Time since last request: 0.000055 seconds.
  path: Assets/Plugins/Demigiant/DemiLib/Core/Editor/Imgs/ico_demigiant.png
  artifactKey: Guid(229d0d11465a822449f78a50dbf7104d) Importer(815301076,1909f56bfc062723c751e8b465ee728b)
Start importing Assets/Plugins/Demigiant/DemiLib/Core/Editor/Imgs/ico_demigiant.png using Guid(229d0d11465a822449f78a50dbf7104d) Importer(815301076,1909f56bfc062723c751e8b465ee728b)  -> (artifact id: '702d2315ef834ed83da7acd9839eed5f') in 0.024800 seconds
Number of updated asset objects reloaded before import = 0
Number of asset objects unloaded after import = 2
========================================================================
Received Import Request.
  Time since last request: 0.000032 seconds.
  path: Assets/Plugins/Demigiant/DemiLib/Core/Editor/Imgs/project/ico_audio.png
  artifactKey: Guid(e1af8927fb6f5634896d59aed409a589) Importer(815301076,1909f56bfc062723c751e8b465ee728b)
Start importing Assets/Plugins/Demigiant/DemiLib/Core/Editor/Imgs/project/ico_audio.png using Guid(e1af8927fb6f5634896d59aed409a589) Importer(815301076,1909f56bfc062723c751e8b465ee728b)  -> (artifact id: 'a71287529a5556734bff0832b187b7e3') in 0.017327 seconds
Number of updated asset objects reloaded before import = 0
Number of asset objects unloaded after import = 2
========================================================================
Received Import Request.
  Time since last request: 0.000024 seconds.
  path: Assets/Plugins/Demigiant/DemiLib/Core/Editor/Imgs/ico_comment.png
  artifactKey: Guid(622fdb780ae13e840938631c5ed708f2) Importer(815301076,1909f56bfc062723c751e8b465ee728b)
Start importing Assets/Plugins/Demigiant/DemiLib/Core/Editor/Imgs/ico_comment.png using Guid(622fdb780ae13e840938631c5ed708f2) Importer(815301076,1909f56bfc062723c751e8b465ee728b)  -> (artifact id: '737714cf91c3c00c36f7572be08f6090') in 0.018840 seconds
Number of updated asset objects reloaded before import = 0
Number of asset objects unloaded after import = 2
========================================================================
Received Import Request.
  Time since last request: 0.000019 seconds.
  path: Assets/AmplifyShaderEditor/Plugins/EditorResources/UI/Buttons/CustomExpRemoveIconActive.png
  artifactKey: Guid(1ba096552f9cbbb418ee2286856bb352) Importer(815301076,1909f56bfc062723c751e8b465ee728b)
Start importing Assets/AmplifyShaderEditor/Plugins/EditorResources/UI/Buttons/CustomExpRemoveIconActive.png using Guid(1ba096552f9cbbb418ee2286856bb352) Importer(815301076,1909f56bfc062723c751e8b465ee728b)  -> (artifact id: 'cc9d798d29d667412e2fdf56e6a56b7b') in 0.015227 seconds
Number of updated asset objects reloaded before import = 0
Number of asset objects unloaded after import = 2
========================================================================
Received Import Request.
  Time since last request: 4.606678 seconds.
  path: Assets/Plugins/Demigiant/DemiLib/Core/Editor/Imgs/project/ico_fonts.png
  artifactKey: Guid(cf986943c88c2254780c17b2b5e3bc2f) Importer(815301076,1909f56bfc062723c751e8b465ee728b)
Start importing Assets/Plugins/Demigiant/DemiLib/Core/Editor/Imgs/project/ico_fonts.png using Guid(cf986943c88c2254780c17b2b5e3bc2f) Importer(815301076,1909f56bfc062723c751e8b465ee728b)  -> (artifact id: '3f9d03e111379296987514c4398fb541') in 0.019700 seconds
Number of updated asset objects reloaded before import = 0
Number of asset objects unloaded after import = 2
========================================================================
Received Import Request.
  Time since last request: 0.000040 seconds.
  path: Assets/Plugins/Demigiant/DemiLib/Core/Editor/Imgs/ico_light.png
  artifactKey: Guid(4f69b96f9308d8f4ea239773ef5b55c4) Importer(815301076,1909f56bfc062723c751e8b465ee728b)
Start importing Assets/Plugins/Demigiant/DemiLib/Core/Editor/Imgs/ico_light.png using Guid(4f69b96f9308d8f4ea239773ef5b55c4) Importer(815301076,1909f56bfc062723c751e8b465ee728b)  -> (artifact id: '2e55800c4268e0119fcd9fe02752079c') in 0.014333 seconds
Number of updated asset objects reloaded before import = 0
Number of asset objects unloaded after import = 2
========================================================================
Received Import Request.
  Time since last request: 0.000025 seconds.
  path: Assets/Plugins/Demigiant/DemiLib/Core/Editor/Imgs/project/ico_models.png
  artifactKey: Guid(09a0cde07b4d75f49b4c817932791b81) Importer(815301076,1909f56bfc062723c751e8b465ee728b)
Start importing Assets/Plugins/Demigiant/DemiLib/Core/Editor/Imgs/project/ico_models.png using Guid(09a0cde07b4d75f49b4c817932791b81) Importer(815301076,1909f56bfc062723c751e8b465ee728b)  -> (artifact id: '856a7106c0bec191070ea5b639d0f33f') in 0.014860 seconds
Number of updated asset objects reloaded before import = 0
Number of asset objects unloaded after import = 2
========================================================================
Received Import Request.
  Time since last request: 0.044036 seconds.
  path: Assets/Plugins/Demigiant/DemiLib/Core/Editor/Imgs/ico_play_border.png
  artifactKey: Guid(45e128e1cf00555479ee7934ab11cadf) Importer(815301076,1909f56bfc062723c751e8b465ee728b)
Start importing Assets/Plugins/Demigiant/DemiLib/Core/Editor/Imgs/ico_play_border.png using Guid(45e128e1cf00555479ee7934ab11cadf) Importer(815301076,1909f56bfc062723c751e8b465ee728b)  -> (artifact id: '0178f70770439442f55467dfd95c3b89') in 0.014500 seconds
Number of updated asset objects reloaded before import = 0
Number of asset objects unloaded after import = 2
========================================================================
Received Import Request.
  Time since last request: 0.002306 seconds.
  path: Assets/Plugins/Demigiant/DemiLib/Core/Editor/Imgs/ico_skull_border.png
  artifactKey: Guid(6dfd924c0ba23844fb5d04ad1560de22) Importer(815301076,1909f56bfc062723c751e8b465ee728b)
Start importing Assets/Plugins/Demigiant/DemiLib/Core/Editor/Imgs/ico_skull_border.png using Guid(6dfd924c0ba23844fb5d04ad1560de22) Importer(815301076,1909f56bfc062723c751e8b465ee728b)  -> (artifact id: 'b509419ff993255e26c566f465b97a9b') in 0.013193 seconds
Number of updated asset objects reloaded before import = 0
Number of asset objects unloaded after import = 2
========================================================================
Received Import Request.
  Time since last request: 0.004536 seconds.
  path: Assets/Plugins/Demigiant/DemiLib/Core/Editor/Imgs/ico_todo.png
  artifactKey: Guid(c561c878c05ceb1448966fe706740008) Importer(815301076,1909f56bfc062723c751e8b465ee728b)
Start importing Assets/Plugins/Demigiant/DemiLib/Core/Editor/Imgs/ico_todo.png using Guid(c561c878c05ceb1448966fe706740008) Importer(815301076,1909f56bfc062723c751e8b465ee728b)  -> (artifact id: '7333e939779eeeb71e6d5326374cd963') in 0.010327 seconds
Number of updated asset objects reloaded before import = 0
Number of asset objects unloaded after import = 2
========================================================================
Received Import Request.
  Time since last request: 0.310431 seconds.
  path: Assets/Plugins/Demigiant/DemiLib/Core/Editor/Imgs/ico_visibility_off.png
  artifactKey: Guid(0c0132429106c8a4d89d9d0a6b723ec3) Importer(815301076,1909f56bfc062723c751e8b465ee728b)
Start importing Assets/Plugins/Demigiant/DemiLib/Core/Editor/Imgs/ico_visibility_off.png using Guid(0c0132429106c8a4d89d9d0a6b723ec3) Importer(815301076,1909f56bfc062723c751e8b465ee728b)  -> (artifact id: '59b5b9cc2e21ac5bdc54ecab7063bbd5') in 0.013886 seconds
Number of updated asset objects reloaded before import = 0
Number of asset objects unloaded after import = 2
========================================================================
Received Import Request.
  Time since last request: 0.021309 seconds.
  path: Assets/AmplifyShaderEditor/Plugins/EditorResources/UI/Canvas/LineTex 2.png
  artifactKey: Guid(03a7d169469c1af41bb03241a7b7e23d) Importer(815301076,1909f56bfc062723c751e8b465ee728b)
Start importing Assets/AmplifyShaderEditor/Plugins/EditorResources/UI/Canvas/LineTex 2.png using Guid(03a7d169469c1af41bb03241a7b7e23d) Importer(815301076,1909f56bfc062723c751e8b465ee728b)  -> (artifact id: 'cb2ce67ce49f5651be24ce1a948663b0') in 0.013366 seconds
Number of updated asset objects reloaded before import = 0
Number of asset objects unloaded after import = 2
========================================================================
Received Import Request.
  Time since last request: 0.028910 seconds.
  path: Assets/AmplifyShaderEditor/Plugins/EditorResources/UI/Buttons/LiveON.png
  artifactKey: Guid(6a0ae1d7892333142aeb09585572202c) Importer(815301076,1909f56bfc062723c751e8b465ee728b)
Start importing Assets/AmplifyShaderEditor/Plugins/EditorResources/UI/Buttons/LiveON.png using Guid(6a0ae1d7892333142aeb09585572202c) Importer(815301076,1909f56bfc062723c751e8b465ee728b)  -> (artifact id: '6e5aefa41696e7616c446e410025b2f9') in 0.012904 seconds
Number of updated asset objects reloaded before import = 0
Number of asset objects unloaded after import = 2
========================================================================
Received Import Request.
  Time since last request: 0.000019 seconds.
  path: Assets/AmplifyShaderEditor/Plugins/EditorResources/Nodes/MasterNodeIconON.png
  artifactKey: Guid(26c64fcee91024a49980ea2ee9d1a2fb) Importer(815301076,1909f56bfc062723c751e8b465ee728b)
Start importing Assets/AmplifyShaderEditor/Plugins/EditorResources/Nodes/MasterNodeIconON.png using Guid(26c64fcee91024a49980ea2ee9d1a2fb) Importer(815301076,1909f56bfc062723c751e8b465ee728b)  -> (artifact id: '5a4e716a1a5cad05c37be182a088ab0d') in 0.022443 seconds
Number of updated asset objects reloaded before import = 0
Number of asset objects unloaded after import = 2
========================================================================
Received Import Request.
  Time since last request: 0.000018 seconds.
  path: Assets/AssetModels/Cartoon_crate_collection/Textures/metalkiste_0003.bmp
  artifactKey: Guid(621c1bef0db13324297eca5c6fa8d808) Importer(815301076,1909f56bfc062723c751e8b465ee728b)
Start importing Assets/AssetModels/Cartoon_crate_collection/Textures/metalkiste_0003.bmp using Guid(621c1bef0db13324297eca5c6fa8d808) Importer(815301076,1909f56bfc062723c751e8b465ee728b)  -> (artifact id: 'c9187b5d5c6212fd19b61c160e76554b') in 0.015242 seconds
Number of updated asset objects reloaded before import = 0
Number of asset objects unloaded after import = 2
Editor requested this worker to shutdown with reason: Scaling down because of idle timeout
TcpMessagingSession - receive error: operation aborted. errorcode: 995, details: XbhIAvP[VvAI/O ~B
AssetImportWorker is now disconnected from the server
Process exiting
Exiting without the bug reporter. Application will terminate with return code 0