Using pre-set license
Built from '2022.3/staging' branch; Version is '2022.3.15f1 (b58023a2b463) revision 11894819'; Using compiler version '192829333'; Build Type 'Release'
OS: 'Windows 11  (10.0.22631) 64bit Professional' Language: 'ja' Physical Memory: 32599 MB
BatchMode: 1, IsHumanControllingUs: 0, StartBugReporterOnCrash: 0, Is64bit: 1, IsPro: 1

COMMAND LINE ARGUMENTS:
C:\Program Files\Unity\Hub\Editor\2022.3.15f1\Editor\Unity.exe
-adb2
-batchMode
-noUpm
-name
AssetImportWorker5
-projectPath
C:/Users/Daiki/Documents/Unity/ChristmasNightFever
-logFile
Logs/AssetImportWorker5.log
-srvPort
3338
Successfully changed project path to: C:/Users/Daiki/Documents/Unity/ChristmasNightFever
C:/Users/Daiki/Documents/Unity/ChristmasNightFever
[UnityMemory] Configuration Parameters - Can be set up in boot.config
    "memorysetup-bucket-allocator-granularity=16"
    "memorysetup-bucket-allocator-bucket-count=8"
    "memorysetup-bucket-allocator-block-size=33554432"
    "memorysetup-bucket-allocator-block-count=8"
    "memorysetup-main-allocator-block-size=16777216"
    "memorysetup-thread-allocator-block-size=16777216"
    "memorysetup-gfx-main-allocator-block-size=16777216"
    "memorysetup-gfx-thread-allocator-block-size=16777216"
    "memorysetup-cache-allocator-block-size=4194304"
    "memorysetup-typetree-allocator-block-size=2097152"
    "memorysetup-profiler-bucket-allocator-granularity=16"
    "memorysetup-profiler-bucket-allocator-bucket-count=8"
    "memorysetup-profiler-bucket-allocator-block-size=33554432"
    "memorysetup-profiler-bucket-allocator-block-count=8"
    "memorysetup-profiler-allocator-block-size=16777216"
    "memorysetup-profiler-editor-allocator-block-size=1048576"
    "memorysetup-temp-allocator-size-main=16777216"
    "memorysetup-job-temp-allocator-block-size=2097152"
    "memorysetup-job-temp-allocator-block-size-background=1048576"
    "memorysetup-job-temp-allocator-reduction-small-platforms=262144"
    "memorysetup-allocator-temp-initial-block-size-main=262144"
    "memorysetup-allocator-temp-initial-block-size-worker=262144"
    "memorysetup-temp-allocator-size-background-worker=32768"
    "memorysetup-temp-allocator-size-job-worker=262144"
    "memorysetup-temp-allocator-size-preload-manager=33554432"
    "memorysetup-temp-allocator-size-nav-mesh-worker=65536"
    "memorysetup-temp-allocator-size-audio-worker=65536"
    "memorysetup-temp-allocator-size-cloud-worker=32768"
    "memorysetup-temp-allocator-size-gi-baking-worker=262144"
    "memorysetup-temp-allocator-size-gfx=262144"
Player connection [18412] Host "[IP] 172.31.96.1 [Port] 0 [Flags] 2 [Guid] 3415699693 [EditorId] 3415699693 [Version] 1048832 [Id] WindowsEditor(7,Main-Desktop) [Debug] 1 [PackageName] WindowsEditor [ProjectName] Editor" joined multi-casting on [225.0.0.222:54997]...

Player connection [18412] Host "[IP] 172.31.96.1 [Port] 0 [Flags] 2 [Guid] 3415699693 [EditorId] 3415699693 [Version] 1048832 [Id] WindowsEditor(7,Main-Desktop) [Debug] 1 [PackageName] WindowsEditor [ProjectName] Editor" joined alternative multi-casting on [225.0.0.222:34997]...

[Physics::Module] Initialized MultithreadedJobDispatcher with 23 workers.
Refreshing native plugins compatible for Editor in 424.44 ms, found 6 plugins.
Preloading 0 native plugins for Editor in 0.00 ms.
Initialize engine version: 2022.3.15f1 (b58023a2b463)
[Subsystems] Discovering subsystems at path C:/Program Files/Unity/Hub/Editor/2022.3.15f1/Editor/Data/Resources/UnitySubsystems
[Subsystems] Discovering subsystems at path C:/Users/Daiki/Documents/Unity/ChristmasNightFever/Assets
GfxDevice: creating device client; threaded=0; jobified=0
Direct3D:
    Version:  Direct3D 11.0 [level 11.1]
    Renderer: NVIDIA GeForce GTX 1080 (ID=0x1b80)
    Vendor:   NVIDIA
    VRAM:     8059 MB
    Driver:   31.0.15.5161
Shader 'FindOutFire': fallback shader '_StencilComp' not found
Initialize mono
Mono path[0] = 'C:/Program Files/Unity/Hub/Editor/2022.3.15f1/Editor/Data/Managed'
Mono path[1] = 'C:/Program Files/Unity/Hub/Editor/2022.3.15f1/Editor/Data/MonoBleedingEdge/lib/mono/unityjit-win32'
Mono config path = 'C:/Program Files/Unity/Hub/Editor/2022.3.15f1/Editor/Data/MonoBleedingEdge/etc'
Using monoOptions --debugger-agent=transport=dt_socket,embedding=1,server=y,suspend=n,address=127.0.0.1:56060
Begin MonoManager ReloadAssembly
Registering precompiled unity dll's ...
Register platform support module: C:/Program Files/Unity/Hub/Editor/2022.3.15f1/Editor/Data/PlaybackEngines/WindowsStandaloneSupport/UnityEditor.WindowsStandalone.Extensions.dll
Registered in 0.004888 seconds.
- Loaded All Assemblies, in  0.512 seconds
Native extension for WindowsStandalone target not found
Mono: successfully reloaded assembly
- Finished resetting the current domain, in  0.158 seconds
Domain Reload Profiling: 669ms
	BeginReloadAssembly (70ms)
		ExecutionOrderSort (0ms)
		DisableScriptedObjects (0ms)
		BackupInstance (0ms)
		ReleaseScriptingObjects (0ms)
		CreateAndSetChildDomain (0ms)
	RebuildCommonClasses (124ms)
	RebuildNativeTypeToScriptingClass (6ms)
	initialDomainReloadingComplete (35ms)
	LoadAllAssembliesAndSetupDomain (276ms)
		LoadAssemblies (68ms)
		RebuildTransferFunctionScriptingTraits (0ms)
		AnalyzeDomain (275ms)
			TypeCache.Refresh (274ms)
				TypeCache.ScanAssembly (266ms)
			ScanForSourceGeneratedMonoScriptInfo (0ms)
			ResolveRequiredComponents (0ms)
	FinalizeReload (159ms)
		ReleaseScriptCaches (0ms)
		RebuildScriptCaches (0ms)
		SetupLoadedEditorAssemblies (126ms)
			LogAssemblyErrors (0ms)
			InitializePlatformSupportModulesInManaged (6ms)
			SetLoadedEditorAssemblies (5ms)
			RefreshPlugins (0ms)
			BeforeProcessingInitializeOnLoad (1ms)
			ProcessInitializeOnLoadAttributes (82ms)
			ProcessInitializeOnLoadMethodAttributes (32ms)
			AfterProcessingInitializeOnLoad (0ms)
			EditorAssembliesLoaded (0ms)
		ExecutionOrderSort2 (0ms)
		AwakeInstancesAfterBackupRestoration (0ms)
========================================================================
Worker process is ready to serve import requests
Begin MonoManager ReloadAssembly
- Loaded All Assemblies, in  0.673 seconds
Refreshing native plugins compatible for Editor in 6.64 ms, found 6 plugins.
Native extension for WindowsStandalone target not found
Package Manager log level set to [2]
[Package Manager] Server::EnsureServerProcessIsRunning -- launch failed, reason: Unity was launched with the -noUpm command-line argument
[Package Manager] UpmClient::Send -- Unable to send message (not connected to UPM process).
[Package Manager] Cannot connect to Unity Package Manager local server
[Package Manager] Server::EnsureServerProcessIsRunning -- launch failed, reason: Unity was launched with the -noUpm command-line argument
[Package Manager] UpmClient::Send -- Unable to send message (not connected to UPM process).
[Package Manager] Cannot connect to Unity Package Manager local server
Mono: successfully reloaded assembly
- Finished resetting the current domain, in  0.811 seconds
Domain Reload Profiling: 1482ms
	BeginReloadAssembly (99ms)
		ExecutionOrderSort (0ms)
		DisableScriptedObjects (3ms)
		BackupInstance (0ms)
		ReleaseScriptingObjects (0ms)
		CreateAndSetChildDomain (16ms)
	RebuildCommonClasses (19ms)
	RebuildNativeTypeToScriptingClass (6ms)
	initialDomainReloadingComplete (43ms)
	LoadAllAssembliesAndSetupDomain (503ms)
		LoadAssemblies (336ms)
		RebuildTransferFunctionScriptingTraits (0ms)
		AnalyzeDomain (225ms)
			TypeCache.Refresh (188ms)
				TypeCache.ScanAssembly (130ms)
			ScanForSourceGeneratedMonoScriptInfo (25ms)
			ResolveRequiredComponents (11ms)
	FinalizeReload (812ms)
		ReleaseScriptCaches (0ms)
		RebuildScriptCaches (0ms)
		SetupLoadedEditorAssemblies (653ms)
			LogAssemblyErrors (0ms)
			InitializePlatformSupportModulesInManaged (4ms)
			SetLoadedEditorAssemblies (3ms)
			RefreshPlugins (0ms)
			BeforeProcessingInitializeOnLoad (99ms)
			ProcessInitializeOnLoadAttributes (479ms)
			ProcessInitializeOnLoadMethodAttributes (63ms)
			AfterProcessingInitializeOnLoad (5ms)
			EditorAssembliesLoaded (0ms)
		ExecutionOrderSort2 (0ms)
		AwakeInstancesAfterBackupRestoration (6ms)
database is locked
database is locked
Shader 'FindOutFire': fallback shader '_StencilComp' not found
Launched and connected shader compiler UnityShaderCompiler.exe after 0.03 seconds
Refreshing native plugins compatible for Editor in 9.78 ms, found 6 plugins.
Preloading 0 native plugins for Editor in 0.00 ms.
Unloading 7701 Unused Serialized files (Serialized files now loaded: 0)
Unloading 125 unused Assets / (2.1 MB). Loaded Objects now: 8278.
Memory consumption went from 373.5 MB to 371.4 MB.
Total: 7.245500 ms (FindLiveObjects: 1.174500 ms CreateObjectMapping: 0.642400 ms MarkObjects: 4.434300 ms  DeleteObjects: 0.992400 ms)

AssetImportParameters requested are different than current active one (requested -> active):
  custom:container-demuxer-ogg: 62fdf1f143b41e24485cea50d1cbac27 -> 
  custom:framework-win-MediaFoundation: 216162199b28c13a410421893ffa2e32 -> 
  custom:container-muxer-webm: aa71ff27fc2769a1b78a27578f13a17b -> 
  custom:video-decoder-webm-vp8: 9c59270c3fd7afecdb556c50c9e8de78 -> 
  custom:SearchIndexIgnoredProperties: e643bd26f0fe6173181afceb89e7c659 -> 
  custom:AudioImporter_EditorPlatform: d09bf68614088b80899f8185d706f6e7 -> 
  custom:audio-decoder-ogg-vorbis: bf7c407c2cedff20999df2af8eb42d56 -> 
  custom:audio-encoder-webm-vorbis: bf7c407c2cedff20999df2af8eb42d56 -> 
  custom:video-codec-MediaFoundation-h265: 746d11721c4dcdbdad8f713fa42b33f4 -> 
  custom:video-decoder-ogg-theora: a1e56fd34408186e4bbccfd4996cb3dc -> 
  custom:CustomObjectIndexerAttribute: 39606d92bcf39ac9cd6fca1116091104 -> 
  custom:container-demuxer-webm: 4f35f7cbe854078d1ac9338744f61a02 -> 
  custom:video-encoder-webm-vp8: eb34c28f22e8b96e1ab97ce403110664 -> 
========================================================================
Received Import Request.
  Time since last request: 22075.913187 seconds.
  path: Assets/AmplifyImpostors/Examples/Assets/Impostor Assets HDRP/Barrel_Impostor HDRP.asset
  artifactKey: Guid(377de520410968d43b3f25dc929bc602) Importer(815301076,1909f56bfc062723c751e8b465ee728b)
Start importing Assets/AmplifyImpostors/Examples/Assets/Impostor Assets HDRP/Barrel_Impostor HDRP.asset using Guid(377de520410968d43b3f25dc929bc602) Importer(815301076,1909f56bfc062723c751e8b465ee728b)  -> (artifact id: 'df6d3c738d8d17bac0acb84bf3261f88') in 0.257906 seconds
Number of updated asset objects reloaded before import = 0
Number of asset objects unloaded after import = 7
========================================================================
Received Import Request.
  Time since last request: 0.000024 seconds.
  path: Assets/AmplifyImpostors/Examples/Assets/Impostor Assets URP/Barrel_Impostor URP.asset
  artifactKey: Guid(62b6f4a84332a8748b65878ddc0cc77e) Importer(815301076,1909f56bfc062723c751e8b465ee728b)
Start importing Assets/AmplifyImpostors/Examples/Assets/Impostor Assets URP/Barrel_Impostor URP.asset using Guid(62b6f4a84332a8748b65878ddc0cc77e) Importer(815301076,1909f56bfc062723c751e8b465ee728b)  -> (artifact id: '562abfdb00d42c15487b51ce388a8d0d') in 0.056858 seconds
Number of updated asset objects reloaded before import = 0
Number of asset objects unloaded after import = 10
========================================================================
Received Import Request.
  Time since last request: 0.000034 seconds.
  path: Assets/MobileBlur/Example/Materials/mirror.mat
  artifactKey: Guid(b5e643092b859204da63d2d3e157bf34) Importer(815301076,1909f56bfc062723c751e8b465ee728b)
Start importing Assets/MobileBlur/Example/Materials/mirror.mat using Guid(b5e643092b859204da63d2d3e157bf34) Importer(815301076,1909f56bfc062723c751e8b465ee728b)  -> (artifact id: 'c93598fc68d458e6eae4e19b7ea15001') in 0.031605 seconds
Number of updated asset objects reloaded before import = 0
Number of asset objects unloaded after import = 3
========================================================================
Received Import Request.
  Time since last request: 0.000016 seconds.
  path: Assets/Main/AllUnitsController/HeadUpIcon/Material/HeadUPExculamation.mat
  artifactKey: Guid(70ac19216f2cb4e4e8b1fa0deeeadfe7) Importer(815301076,1909f56bfc062723c751e8b465ee728b)
Start importing Assets/Main/AllUnitsController/HeadUpIcon/Material/HeadUPExculamation.mat using Guid(70ac19216f2cb4e4e8b1fa0deeeadfe7) Importer(815301076,1909f56bfc062723c751e8b465ee728b)  -> (artifact id: '5bda239d43bdf664217c820bd0257f9a') in 0.014646 seconds
Number of updated asset objects reloaded before import = 0
Number of asset objects unloaded after import = 3
========================================================================
Received Import Request.
  Time since last request: 0.000018 seconds.
  path: Assets/AssetModels/CharacterPack Lowpoly (FREE)/Materials/Characters.mat
  artifactKey: Guid(adc8a892651df934a900ef57d5838c18) Importer(815301076,1909f56bfc062723c751e8b465ee728b)
Start importing Assets/AssetModels/CharacterPack Lowpoly (FREE)/Materials/Characters.mat using Guid(adc8a892651df934a900ef57d5838c18) Importer(815301076,1909f56bfc062723c751e8b465ee728b)  -> (artifact id: '332aa189c8c109e96e28e622f8738545') in 0.017786 seconds
Number of updated asset objects reloaded before import = 0
Number of asset objects unloaded after import = 3
========================================================================
Received Import Request.
  Time since last request: 0.000026 seconds.
  path: Assets/Data/Material/Fog.mat
  artifactKey: Guid(9a007b691fd28f6428e4dc3d881f43d5) Importer(815301076,1909f56bfc062723c751e8b465ee728b)
Start importing Assets/Data/Material/Fog.mat using Guid(9a007b691fd28f6428e4dc3d881f43d5) Importer(815301076,1909f56bfc062723c751e8b465ee728b)  -> (artifact id: '799e55df9a492bb0bdba4cf982d95d9b') in 0.012288 seconds
Number of updated asset objects reloaded before import = 0
Number of asset objects unloaded after import = 2
========================================================================
Received Import Request.
  Time since last request: 0.000029 seconds.
  path: Assets/AssetModels/CharacterPack Lowpoly (FREE)/Materials/Characters 2.mat
  artifactKey: Guid(7811a2a6bf503e5409756a8b1c632000) Importer(815301076,1909f56bfc062723c751e8b465ee728b)
Start importing Assets/AssetModels/CharacterPack Lowpoly (FREE)/Materials/Characters 2.mat using Guid(7811a2a6bf503e5409756a8b1c632000) Importer(815301076,1909f56bfc062723c751e8b465ee728b)  -> (artifact id: '7347a817240b94dcb07ffff13f75aa98') in 0.019477 seconds
Number of updated asset objects reloaded before import = 0
Number of asset objects unloaded after import = 3
========================================================================
Received Import Request.
  Time since last request: 0.000037 seconds.
  path: Assets/AssetModels/Cartoon_crate_collection/3dobjects/Materials/metal_crate_02-main_b.mat
  artifactKey: Guid(c3a83cf19465614489a3998d2fac6c43) Importer(815301076,1909f56bfc062723c751e8b465ee728b)
Start importing Assets/AssetModels/Cartoon_crate_collection/3dobjects/Materials/metal_crate_02-main_b.mat using Guid(c3a83cf19465614489a3998d2fac6c43) Importer(815301076,1909f56bfc062723c751e8b465ee728b)  -> (artifact id: '64d7a81df9cb6bc8ab5b7e5345695ba6') in 0.024342 seconds
Number of updated asset objects reloaded before import = 0
Number of asset objects unloaded after import = 3
========================================================================
Received Import Request.
  Time since last request: 0.000034 seconds.
  path: Assets/AssetModels/Cartoon_crate_collection/3dobjects/Materials/metal_crate_01-metalkiste_0001.mat
  artifactKey: Guid(5a377a7f7246ca54285cccba1973082b) Importer(815301076,1909f56bfc062723c751e8b465ee728b)
Start importing Assets/AssetModels/Cartoon_crate_collection/3dobjects/Materials/metal_crate_01-metalkiste_0001.mat using Guid(5a377a7f7246ca54285cccba1973082b) Importer(815301076,1909f56bfc062723c751e8b465ee728b)  -> (artifact id: '5e224dfbdb1826b004d012333395cf84') in 0.029665 seconds
Number of updated asset objects reloaded before import = 0
Number of asset objects unloaded after import = 3
========================================================================
Received Import Request.
  Time since last request: 0.000027 seconds.
  path: Assets/AssetModels/CharacterPack Lowpoly (FREE)/Models/character1.fbx
  artifactKey: Guid(7966d979d9982a743a30e3b75a402b94) Importer(815301076,1909f56bfc062723c751e8b465ee728b)
Start importing Assets/AssetModels/CharacterPack Lowpoly (FREE)/Models/character1.fbx using Guid(7966d979d9982a743a30e3b75a402b94) Importer(815301076,1909f56bfc062723c751e8b465ee728b)  -> (artifact id: 'daed10e56b6ee63f0fecea78431aed1c') in 0.076604 seconds
Number of updated asset objects reloaded before import = 0
Number of asset objects unloaded after import = 178
========================================================================
Received Import Request.
  Time since last request: 0.000050 seconds.
  path: Assets/AmplifyImpostors/Examples/Assets/Impostor Assets URP/Boulder_Impostor URP.asset
  artifactKey: Guid(2ba6063b144cfcf4fb7b6eaf207561d0) Importer(815301076,1909f56bfc062723c751e8b465ee728b)
Start importing Assets/AmplifyImpostors/Examples/Assets/Impostor Assets URP/Boulder_Impostor URP.asset using Guid(2ba6063b144cfcf4fb7b6eaf207561d0) Importer(815301076,1909f56bfc062723c751e8b465ee728b)  -> (artifact id: 'f2c97c9448e35c69439ea5d663601699') in 0.032671 seconds
Number of updated asset objects reloaded before import = 0
Number of asset objects unloaded after import = 10
========================================================================
Received Import Request.
  Time since last request: 0.000017 seconds.
  path: Assets/AssetModels/Free_Trees/Meshes/Materials/Free_Tree.mat
  artifactKey: Guid(af65c0942482e46aeb256506726ff0f7) Importer(815301076,1909f56bfc062723c751e8b465ee728b)
Start importing Assets/AssetModels/Free_Trees/Meshes/Materials/Free_Tree.mat using Guid(af65c0942482e46aeb256506726ff0f7) Importer(815301076,1909f56bfc062723c751e8b465ee728b)  -> (artifact id: '79e1cdd9b6e14555047787845568704d') in 0.013798 seconds
Number of updated asset objects reloaded before import = 0
Number of asset objects unloaded after import = 3
========================================================================
Received Import Request.
  Time since last request: 0.000031 seconds.
  path: Assets/AssetModels/Cartoon_crate_collection/3dobjects/Materials/wood_crate_01-holzkiste_0001.mat
  artifactKey: Guid(c12fcb4e3c8ae204b816b31842d16a2a) Importer(815301076,1909f56bfc062723c751e8b465ee728b)
Start importing Assets/AssetModels/Cartoon_crate_collection/3dobjects/Materials/wood_crate_01-holzkiste_0001.mat using Guid(c12fcb4e3c8ae204b816b31842d16a2a) Importer(815301076,1909f56bfc062723c751e8b465ee728b)  -> (artifact id: 'f3e88212976306c54febc29f2e01b949') in 0.016445 seconds
Number of updated asset objects reloaded before import = 0
Number of asset objects unloaded after import = 3
========================================================================
Received Import Request.
  Time since last request: 0.085332 seconds.
  path: Assets/AssetModels/Cartoon_crate_collection/3dobjects/Materials/wood_crate_02-holzkiste_0002e.mat
  artifactKey: Guid(fcba60199f2246647b9af3418ce51751) Importer(815301076,1909f56bfc062723c751e8b465ee728b)
Start importing Assets/AssetModels/Cartoon_crate_collection/3dobjects/Materials/wood_crate_02-holzkiste_0002e.mat using Guid(fcba60199f2246647b9af3418ce51751) Importer(815301076,1909f56bfc062723c751e8b465ee728b)  -> (artifact id: '01aa29d7def381642dbad43e89f9998a') in 0.019656 seconds
Number of updated asset objects reloaded before import = 0
Number of asset objects unloaded after import = 3
Editor requested this worker to shutdown with reason: Scaling down because of idle timeout
TcpMessagingSession - receive error: operation aborted. errorcode: 995, details: スレッドの終了またはアプリケーションの要求によって、I/O 処理は中止されました。
AssetImportWorker is now disconnected from the server
Process exiting
Exiting without the bug reporter. Application will terminate with return code 0